\BOOKMARK [1][-]{section*.2}{\376\377\000G\000i\036\333\000i\000\040\000t\000h\000i\036\307\000u}{}% 1
\BOOKMARK [2][-]{subsection.3}{\376\377\000G\000i\036\333\000i\000\040\000t\000h\000i\036\307\000u\000\040\000v\036\301\000\040\000t\000\355\000c\000h\000\040\000c\000h\036\255\000p\000\040\000\050\000C\000o\000n\000v\000o\000l\000u\000t\000i\000o\000n\000\040\000O\000p\000e\000r\000a\000t\000i\000o\000n\000\051}{section*.2}% 2
\BOOKMARK [2][-]{subsection.4}{\376\377\000T\036\247\000m\000\040\000q\000u\000a\000n\000\040\000t\000r\036\315\000n\000g\000\040\000c\036\347\000a\000\040\000t\000\355\000c\000h\000\040\000c\000h\036\255\000p\000\040\000t\000r\000o\000n\000g\000\040\000x\036\355\000\040\000l\000\375\000\040\036\243\000n\000h}{section*.2}% 3
\BOOKMARK [2][-]{subsection.5}{\376\377\000M\036\345\000c\000\040\000t\000i\000\352\000u\000\040\000c\036\347\000a\000\040\000b\000\341\000o\000\040\000c\000\341\000o}{section*.2}% 4
\BOOKMARK [1][-]{subsection.5}{\376\377\000P\000h\000\351\000p\000\040\000t\000o\000\341\000n\000\040\000T\000\355\000c\000h\000\040\000c\000h\036\255\000p}{}% 5
\BOOKMARK [2][-]{subsection.6}{\376\377\000M\036\331\000t\000\040\000s\036\321\000\040\000k\000h\000\341\000i\000\040\000n\000i\036\307\000m\000\040\000l\000i\000\352\000n\000\040\000q\000u\000a\000n}{subsection.5}% 6
\BOOKMARK [2][-]{subsection.7}{\376\377\000N\000g\000u\000y\000\352\000n\000\040\000l\000\375\000\040\000c\036\347\000a\000\040\000p\000h\000\351\000p\000\040\000t\000o\000\341\000n\000\040\000t\000\355\000c\000h\000\040\000c\000h\036\255\000p}{subsection.5}% 7
\BOOKMARK [2][-]{subsection.12}{\376\377\000C\000\341\000c\000\040\036\351\000n\000g\000\040\000d\036\345\000n\000g\000\040\001\021\000i\036\303\000n\000\040\000h\000\354\000n\000h\000\040\000c\036\347\000a\000\040\000t\000\355\000c\000h\000\040\000c\000h\036\255\000p}{subsection.5}% 8
\BOOKMARK [1][-]{subsection.12}{\376\377\000P\000h\000\342\000n\000\040\000t\000\355\000c\000h\000\040\000v\000\340\000\040\000c\000\340\000i\000\040\001\021\036\267\000t\000\040\000m\000\343}{}% 9
\BOOKMARK [2][-]{subsection.13}{\376\377\000S\001\241\000\040\000l\001\260\036\343\000c\000\040\000v\036\301\000\040\000m\000\343\000\040\000n\000g\000u\036\323\000n}{subsection.12}% 10
\BOOKMARK [2][-]{subsection.17}{\376\377\000X\036\355\000\040\000l\000\375\000\040\001\021\036\247\000u\000\040\000v\000\340\000o}{subsection.12}% 11
\BOOKMARK [2][-]{subsection.30}{\376\377\000P\000a\000d\000d\000i\000n\000g\000\040\000m\000a\000\040\000t\000r\036\255\000n\000\040\000v\000\340\000\040\000t\000\355\000c\000h\000\040\000c\000h\036\255\000p}{subsection.12}% 12
\BOOKMARK [2][-]{subsection.43}{\376\377\000X\036\355\000\040\000l\000\375\000\040\001\021\036\247\000u\000\040\000r\000a}{subsection.12}% 13
\BOOKMARK [2][-]{subsection.47}{\376\377\000D\000i\036\305\000n\000\040\000g\000i\036\243\000i\000\040\000t\000h\000u\036\255\000t\000\040\000t\000o\000\341\000n\000\040\000b\036\261\000n\000g\000\040\000f\000l\000o\000w\000c\000h\000a\000r\000t}{subsection.12}% 14
\BOOKMARK [1][-]{figure.caption.48}{\376\377\000K\000i\036\303\000m\000\040\000t\000h\036\355\000\040\000v\000\340\000\040\001\021\000\341\000n\000h\000\040\000g\000i\000\341\000\040\000h\000i\036\307\000u\000\040\000s\000u\036\245\000t}{}% 15
\BOOKMARK [2][-]{subsection.49}{\376\377\000K\000i\036\303\000m\000\040\000t\000h\036\355}{figure.caption.48}% 16
\BOOKMARK [3][-]{subsubsection.50}{\376\377\000T\000e\000s\000t\000c\000a\000s\000e\000\040\0001}{subsection.49}% 17
\BOOKMARK [3][-]{subsubsection.59}{\376\377\000T\000e\000s\000t\000c\000a\000s\000e\000\040\0002}{subsection.49}% 18
\BOOKMARK [3][-]{subsubsection.68}{\376\377\000T\000e\000s\000t\000c\000a\000s\000e\000\040\0003}{subsection.49}% 19
\BOOKMARK [3][-]{subsubsection.77}{\376\377\000T\000e\000s\000t\000c\000a\000s\000e\000\040\0004}{subsection.49}% 20
\BOOKMARK [3][-]{subsubsection.86}{\376\377\000T\000e\000s\000t\000c\000a\000s\000e\000\040\0005}{subsection.49}% 21
\BOOKMARK [2][-]{subsection.95}{\376\377\001\020\000\341\000n\000h\000\040\000g\000i\000\341}{figure.caption.48}% 22
\BOOKMARK [3][-]{subsubsection.96}{\376\377\001\257\000u\000\040\001\021\000i\036\303\000m\000\040\000c\036\347\000a\000\040\000M\000I\000P\000S\000\040\000t\000r\000o\000n\000g\000\040\000p\000h\000\351\000p\000\040\000t\000\355\000c\000h\000\040\000c\000h\036\255\000p}{subsection.95}% 23
\BOOKMARK [3][-]{subsubsection.97}{\376\377\000N\000h\001\260\036\343\000c\000\040\001\021\000i\036\303\000m\000\040\000c\036\347\000a\000\040\000M\000I\000P\000S\000\040\000t\000r\000o\000n\000g\000\040\000p\000h\000\351\000p\000\040\000t\000\355\000c\000h\000\040\000c\000h\036\255\000p}{subsection.95}% 24
\BOOKMARK [1][-]{subsubsection.97}{\376\377\000K\036\277\000t\000\040\000l\000u\036\255\000n}{}% 25
